Sending build context to Docker daemon 142.8 kB
Sending build context to Docker daemon 
Step 0 : FROM drydock/u14:prod
prod: Pulling from drydock/u14
326bfc4c0d2f: Pulling fs layer
90fcc1c9249a: Pulling fs layer
90fcc1c9249a: Pulling fs layer
9377ad319b00: Already exists
a82f81f25750: Already exists
b207c06aba70: Already exists
d55e68e6cc9c: Already exists
90fcc1c9249a: Layer already being pulled by another client. Waiting.
326bfc4c0d2f: Verifying Checksum
326bfc4c0d2f: Download complete
326bfc4c0d2f: Pull complete
90fcc1c9249a: Verifying Checksum
90fcc1c9249a: Download complete
90fcc1c9249a: Download complete
90fcc1c9249a: Pull complete
90fcc1c9249a: Already exists
Digest: sha256:88602c86436afd6bd18ac692d0888366bf232c0fee558208e42b7ada231264c1
Status: Downloaded newer image for drydock/u14:prod
 ---> 90fcc1c9249a
Step 1 : ADD . /u14php
 ---> 9eef51ec7ccd
Removing intermediate container de9eef7d26c6
Step 2 : RUN /u14php/install.sh
 ---> Running in c906ed3525d4
=========== Installing dependencies ============
